2020.6.30
上午：
继续安装spark2.3.1及配置相关环境，多次报错
尝试更换Java8版本及spark3.0.0版本，报错消失，但是存在warning
尝试更换spark为2.4.6版本，仍然存在报错，于是换回3.0.0版本
在pycharm上配置spark
在pycharm上运行test.py测试文件，存在warning但是能输出结果
安装数据分析相关的依赖包
下午：
下载Ubuntu
下载并安装虚拟机
安装之余研究spark
仍在安装中

2020.7.1
上午：
更换pro版本，重新安装ubuntu
Ubuntu安装成功，无网络连接
sudo /etc/init.d/networking restart 找不到命令
尝试还原网络设置
重新配置Ubuntu网络，失败，找不到网络连接图标
百度求助,依旧找不到命令
尝试更换Ubuntu版本，出现图标，仍无法连接网络
百度求助无果
换回原先版本，在组内大佬们帮助下成功连接网络
下午：
尝试xshell连接，连接失败
尝试修改，重新连接成功
虚拟机暂时搁置
命令行尝试spark数据清洗
pycharm尝试spark数据清洗,得到maxmin.csv文件
学习spark数据处理
git出现不知名错误 无法push与pull
修复无果，重新clone

2020.7.2
学习ARIMA模型，有点难理解，进度缓慢
尝试差分，得到差分图
尝试ACF与PACF，得到ACF与PACF图

2020.7.3
上午：
研究ARIMA模型预测
初步得到p,q参数
简易的预测，结果有些离谱，暂时没有找到原因
下午：
得到简单的预测图
样本内预测看着还行，样本外预测就是直线或只有个大概趋势
暂时没有找到原因
可能会考虑更换模型
2012.7.4
上午：
研究arima与arma模型
p,d,q参数确定还是不是太懂
继续摸索中
下午：
研究auto_arima模型
研究样本外预测与csv文件生成
研究教程