工作日志：
2020/06/30 上午：
环境配置：
完成python环境配置以及pycharm安装配置（任务2-3）
完成java环境配置和Spark环境配置
完成python数据分析相关依赖包的安装

学习内容：
初步学习python语法（到循环之前）

现存问题：
配置的hadoop版本和pycharm版本之间没有完美对接
缺少 hadoop2.7-bin.rar 安装包

任务进度：
总体任务进行到任务8（虚拟机的配置未完成）
-----------------------------------------------------------------
2020/06/30 下午：
环境配置：
解决了上午缺少 hadoop2.7-bin.rar 安装包的问题，
现有的pycharm运行环境较为完善。
完成了虚拟机的下载，安装和配置。

学习内容：
虚拟机的相关知识

现存问题：
暂无

任务进度：
总体任务进行到任务9（对spark集群的配置）

下面的首要任务是对于问题的理解和对于现有模型的解读。
-------------------------------------------------------------------
2020/07/01  上午
环境配置：
配置进行到任务进度 8.4
在多次修改slave参数后，仍然出现slave1 ping不通的现象，暂时没有解决方案
解决了昨天出现的虚拟机网络图标消失和网络图标上面有问号的问题

学习内容：
初步学习ARIMA模型，对模型基本概念稍有了解

现存问题：
虚拟机SSH免密 进行出现瓶颈
对于ARIMA模型中的dpq参数  理解有困难

任务进度：
配置任务进行到   8.4
开始初步学习模型。
-------------------------------------------------------------------
2020/07/01   下午
环境配备：
无进展。
基本完成除虚拟机配置和spark集群配置的工作。

学习内容：
继续对ARIMA模型进行学习。

工作进度：
下午初步完成数据清洗（小规模的数据清洗）
针对基本无法完成虚拟机的配置问题，小组成员选择跳过。
因此更改计划，变为两次迭代：
第一次： 跳过虚拟机和spark集群，完成对于小数据的清洗和预测，
第二次： 补上虚拟机和spark集群，可以完成对于大数据的清洗和预测。

任务进度：
总体任务进度进行到任务11.

现存问题：
1.虚拟机的配置问题，
  网上的虚拟机配置教程，同时开三台虚拟机，而教程中没有提到
2.清洗数据的方式和算法到底由什么来决定？
3.ARIMA 模型中，参数作用以及理解？
-------------------------------------------------------------------------
2020/07/02

今天和小组内成员继续讨论了ARIMA模型
对于ARIMA模型有了一定的了解，并尝试用代码实现对数据的清洗和差分
但得到的差分一阶差分和二阶差分的波动幅度都比原数据的波动幅度大

下午在组会的讨论中，决定让我继续学习后面的内容，
另外两人继续负责ARIMA模型的研究。
-------------------------------------------------------------------------
2020/07/03  上午
初步完成任务  13,14
通过学习，能将一般的的.csv文件  转化成.json的文件形式

学习python网络数据传输，
能够实现服务器和客户端之间简单的信息传输，
下一步研究怎么把.json文件和图片进行传输。
--------------------------------------------------------------------------
2020/07/03   下午
实现了把.json数据在服务器和客户端之间传递
并开始配置flask环境。

--------------------------------------------------------------------------
2020/07/04   下午
今天实现了可以用flask对已经写好的html文件进行网页架构
可以打开在本地的网页，并可以实现网页之间的来回切换
--------------------------------------------------------------------------
2020/07/05   下午
今天安装了myeclipse并安装了tomcat（可能留到第二轮迭代才会用）
下载并安装并配置了mysql
和负责前端的同学一起完成了登录界面，注册界面，和主界面的切换

使用python的socket端和js的websocket连接，
连接失败
正在尝试使用python 的 服务端和js写的客户端进行连接
-------------------------------------------------------------------------
2020/07/06   下午
今天在中期答辩后，意识到用网页实现js不很安全
正在学习如何用flask和网页前端进行连接，传输数据
继续配置网页端和主机服务器socket方面的对接。
--------------------------------------------------------------------------
2020/07/07   下午
今天实现了网页端和后端的连接
但是数据传输仍然有问题
调试过程中，js文件夹明明删除了该文件，
但是在打开网页时依旧能访问到这个js文件，并且是没有修改之前的
有点玄学。。。。。。。。。。
-------------------------------------------------------------------------
2020/07/08   凌晨
在不懈的努力下，终于“反演”了电脑，
调过程序后，成功用socketio实现网页端和Flask端口实现数据传输
只不过每次运行时，都需要创建一个新的port来刷新之前的配置
---------------------------------------------------------------------------
2020/07/08   下午
今天编译器逐渐恢复正常
今天上午实现了和网页对接，读取网页返回的时间值
正在调试和数据库的对接关系。

帮助组员调试Flask和前端对接。
----------------------------------------------------------------------------
2020/07/09   上午
今天上午在组员的协作下
将数据库搭建完毕  并向数据库中导入数据

在一番调试后，完成数据库和后端对接
----------------------------------------------------------------------------
2020/07/09   下午
今天下午
把数据库和后段对接，
能从数据库中读取到预测天气的.json文件
读取成功后，由后台发给前端
配合前端的html 通过图表显示数据

对于单一地区，一年的天气预测功能基本完成
-----------------------------------------------------------------------------
2020/07/10   下午
今天上午
和其他后端同学完成后端
websocket和Flask在程序中的组合
能实现从注册界面到查询天气主界面的连接

今天下午，
重新商讨并设计权限管理，成员管理，部门管理等事宜
处理最新的网页
并学习如何将自己的本地网站映射到公网上

---------------------------------------------------------------------------------
2020/07/11    下午
今天上午，和组内成员调试权限管理界面
初步实现权限管理

下午，完成权限管理界面和部门管理/角色管理
调试代码实现功能，界面尚未美化
---------------------------------------------------------------------------------
2020/07/12    下午
制作PPT，写文档并整理文档。
