2020/6/30
上午

利用pycharm在master分支的文件夹下创建空的.log文件并commit以备使用。

使用pip命令安装Statamodels等依赖包。

再次配置spark：
尝试更换spark2.3.1，失败；
尝试更换spark2.4.6，失败；
尝试spark3.0.0；存在不少警告以及界面大小计算失败的问题。
pycharm项目安装Pyspark，出现警告但是似乎不影响运行。

进入VMware网站下载VMware Workstation Player
安装虚拟机：
课程任务省略许多虚拟机基础操作，百度学习。
虚拟机开启出现错误，尝试修改bios设置。
重启五次修改成功，无iso映像文件。
iso文件过大，评估风险，先放一放。

百度学习python语法。

下午
下载Ubuntu，安装到虚拟机上。
下载iso文件，进行虚拟机系统安装。
安装过程学习下廖雪峰python。
安装完毕，研究接下来的虚拟机网络配置。
一头雾水体验到player版本的阉割状态，重新配置Pro版

2020/7/1
上午
jdk下载安装，使用xhell传输到虚拟机
配置java环境
受阻，找不到打不开/etc/profile

网络求助：
:w ! sudo tee %   (无效)
更改为root         (无效)

反复尝试，终于在某次成功进入profile的可编辑界面
路径配置失败

再次找不到打不开/etc/profile
反复尝试，终于在某次成功进入profile的可编辑界面
路径修改成功
路径配置成功
java检测成功

推测失败原因：奇妙的指令输入错误，大概吧（估计还是这种方式用的太少）

下午
初试spark数据清洗
使用pycharm代替命令行操作
运行示例代码错误
查阅pandas文档修改代码
初试清洗成功

2020/7/2
使用pycharm的ignore文件失效，误上传无用污染物文件夹
删除远端文件
删除本地文件
重新clone仓库

利用百度辅助学习ARIMA
阅读pandas与matplotlib官方文档学习遇到的相关函数
进度缓慢
初步绘制出差分图与ACF PACF图形

2020/7/3
上午
继续研究ARIMA模型，经过了数据修改，数据序号问题函数参数问题
初步根据热度图得出预测曲线。
但只是简单实验版
一周预测尚未实现

下午
我吐了predict函数突然不好使
预测曲线合理性真实性存疑
arima模型属实迷惑
考虑换模型

加班-----学习xgboost

2020/7/4
上午
继续尝试xgboost
在众多教程中学习尝试
教程示例代码与github中的多有不同
难顶

下午
在同学的提醒下
终于想起来去外网看看
扒外网教程

2020/7/5
将auto_arima模型优化为函数
变化成易于操作的状态
继续学习XGBOOST
2020/7/6
上午
修改XGBoost模型尝试自动填充数据
效果不理想
XGBoost需要计算均值，但是本身作为因变量的温度需要细分到所有某一天来计算，过于复杂

下午
将最大值平均值年月日五个参数都作为影响最小值的因素后，预测效果的到了显著提升
至此，XGBoost模型基本完成
仍然存在的问题是
使用XGBoost很难对空数据进行填充
因为空数据的时间特征决定了其填充不能取均值
所以现在我们需要更好得数据

2020/7/7
上午
学习flask，将flask与数据库连接
